2023-10-25 22:14:54.214 [main] INFO  com.mufengxz.oriservice.OriServiceApplication - The following profiles are active: dev
2023-10-25 22:14:56.226 [main] INFO  o.s.d.r.config.RepositoryConfigurationDelegate - Multiple Spring Data modules found, entering strict repository configuration mode!
2023-10-25 22:14:56.230 [main] INFO  o.s.d.r.config.RepositoryConfigurationDelegate - Bootstrapping Spring Data Redis repositories in DEFAULT mode.
2023-10-25 22:14:56.255 [main] INFO  o.s.d.r.config.RepositoryConfigurationDelegate - Finished Spring Data repository scanning in 7ms. Found 0 Redis repository interfaces.
2023-10-25 22:14:56.560 [main] INFO  o.springframework.cloud.context.scope.GenericScope - BeanFactory id=ba266104-479c-3376-98bb-3c5094b3547a
2023-10-25 22:14:56.709 [main] INFO  o.s.c.s.PostProcessorRegistrationDelegate$BeanPostProcessorChecker - Bean 'redisConfig' of type [com.mufengxz.servicebase.RedisConfig$$EnhancerBySpringCGLIB$$2b8b8216] is not eligible for getting processed by all BeanPostProcessors (for example: not eligible for auto-proxying)
2023-10-25 22:14:56.787 [main] INFO  o.s.c.s.PostProcessorRegistrationDelegate$BeanPostProcessorChecker - Bean 'org.springframework.cloud.autoconfigure.ConfigurationPropertiesRebinderAutoConfiguration' of type [org.springframework.cloud.autoconfigure.ConfigurationPropertiesRebinderAutoConfiguration] is not eligible for getting processed by all BeanPostProcessors (for example: not eligible for auto-proxying)
2023-10-25 22:14:57.123 [main] INFO  o.s.boot.web.embedded.tomcat.TomcatWebServer - Tomcat initialized with port(s): 8001 (http)
2023-10-25 22:14:57.139 [main] INFO  org.apache.coyote.http11.Http11NioProtocol - Initializing ProtocolHandler ["http-nio-8001"]
2023-10-25 22:14:57.140 [main] INFO  org.apache.catalina.core.StandardService - Starting service [Tomcat]
2023-10-25 22:14:57.140 [main] INFO  org.apache.catalina.core.StandardEngine - Starting Servlet engine: [Apache Tomcat/9.0.46]
2023-10-25 22:14:57.346 [main] INFO  o.a.c.core.ContainerBase.[Tomcat].[localhost].[/] - Initializing Spring embedded WebApplicationContext
2023-10-25 22:14:57.347 [main] INFO  o.s.b.w.s.c.ServletWebServerApplicationContext - Root WebApplicationContext: initialization completed in 3069 ms
2023-10-25 22:14:58.453 [main] INFO  s.d.s.w.PropertySourcedRequestMappingHandlerMapping - Mapped URL path [/v2/api-docs] onto method [springfox.documentation.swagger2.web.Swagger2Controller#getDocumentation(String, HttpServletRequest)]
2023-10-25 22:14:58.490 [main] INFO  com.netflix.config.sources.URLConfigurationSource - To enable URLs as dynamic configuration sources, define System property archaius.configurationSource.additionalUrls or make config.properties available on classpath.
2023-10-25 22:14:58.497 [main] INFO  com.netflix.config.sources.URLConfigurationSource - To enable URLs as dynamic configuration sources, define System property archaius.configurationSource.additionalUrls or make config.properties available on classpath.
2023-10-25 22:14:58.669 [main] INFO  o.s.scheduling.concurrent.ThreadPoolTaskExecutor - Initializing ExecutorService 'applicationTaskExecutor'
2023-10-25 22:14:59.068 [main] INFO  com.zaxxer.hikari.HikariDataSource - HikariPool-1 - Starting...
2023-10-25 22:15:00.094 [main] INFO  com.zaxxer.hikari.HikariDataSource - HikariPool-1 - Start completed.
2023-10-25 22:15:01.173 [main] INFO  o.s.scheduling.concurrent.ThreadPoolTaskScheduler - Initializing ExecutorService
2023-10-25 22:15:02.662 [main] INFO  org.apache.coyote.http11.Http11NioProtocol - Starting ProtocolHandler ["http-nio-8001"]
2023-10-25 22:15:02.707 [main] INFO  o.s.boot.web.embedded.tomcat.TomcatWebServer - Tomcat started on port(s): 8001 (http) with context path ''
2023-10-25 22:15:02.806 [main] INFO  o.s.c.alibaba.nacos.registry.NacosServiceRegistry - nacos registry, mufengxz-service-edu 192.168.197.1:8001 register finished
2023-10-25 22:15:03.458 [main] INFO  s.d.s.web.plugins.DocumentationPluginsBootstrapper - Context refreshed
2023-10-25 22:15:03.489 [main] INFO  s.d.s.web.plugins.DocumentationPluginsBootstrapper - Found 1 custom documentation plugin(s)
2023-10-25 22:15:03.551 [main] INFO  s.d.spring.web.scanners.ApiListingReferenceScanner - Scanning for api listing references
2023-10-25 22:15:03.591 [main] INFO  com.mufengxz.oriservice.OriServiceApplication - Started OriServiceApplication in 11.473 seconds (JVM running for 13.025)
2023-10-25 22:15:31.766 [SpringContextShutdownHook] INFO  o.s.c.alibaba.nacos.registry.NacosServiceRegistry - De-registering from Nacos Server now...
2023-10-25 22:15:31.771 [SpringContextShutdownHook] INFO  o.s.c.alibaba.nacos.registry.NacosServiceRegistry - De-registration finished.
2023-10-25 22:15:31.773 [SpringContextShutdownHook] INFO  o.s.scheduling.concurrent.ThreadPoolTaskExecutor - Shutting down ExecutorService 'applicationTaskExecutor'
2023-10-25 22:15:31.798 [SpringContextShutdownHook] INFO  com.zaxxer.hikari.HikariDataSource - HikariPool-1 - Shutdown initiated...
2023-10-25 22:15:31.809 [SpringContextShutdownHook] INFO  com.zaxxer.hikari.HikariDataSource - HikariPool-1 - Shutdown completed.
2023-10-25 22:15:38.307 [main] INFO  com.mufengxz.oriservice.OriServiceApplication - The following profiles are active: dev
2023-10-25 22:15:39.276 [main] INFO  o.s.d.r.config.RepositoryConfigurationDelegate - Multiple Spring Data modules found, entering strict repository configuration mode!
2023-10-25 22:15:39.279 [main] INFO  o.s.d.r.config.RepositoryConfigurationDelegate - Bootstrapping Spring Data Redis repositories in DEFAULT mode.
2023-10-25 22:15:39.304 [main] INFO  o.s.d.r.config.RepositoryConfigurationDelegate - Finished Spring Data repository scanning in 6ms. Found 0 Redis repository interfaces.
2023-10-25 22:15:39.602 [main] INFO  o.springframework.cloud.context.scope.GenericScope - BeanFactory id=ba266104-479c-3376-98bb-3c5094b3547a
2023-10-25 22:15:39.746 [main] INFO  o.s.c.s.PostProcessorRegistrationDelegate$BeanPostProcessorChecker - Bean 'redisConfig' of type [com.mufengxz.servicebase.RedisConfig$$EnhancerBySpringCGLIB$$879877c] is not eligible for getting processed by all BeanPostProcessors (for example: not eligible for auto-proxying)
2023-10-25 22:15:39.796 [main] INFO  o.s.c.s.PostProcessorRegistrationDelegate$BeanPostProcessorChecker - Bean 'org.springframework.cloud.autoconfigure.ConfigurationPropertiesRebinderAutoConfiguration' of type [org.springframework.cloud.autoconfigure.ConfigurationPropertiesRebinderAutoConfiguration] is not eligible for getting processed by all BeanPostProcessors (for example: not eligible for auto-proxying)
2023-10-25 22:15:40.086 [main] INFO  o.s.boot.web.embedded.tomcat.TomcatWebServer - Tomcat initialized with port(s): 8001 (http)
2023-10-25 22:15:40.099 [main] INFO  org.apache.coyote.http11.Http11NioProtocol - Initializing ProtocolHandler ["http-nio-8001"]
2023-10-25 22:15:40.099 [main] INFO  org.apache.catalina.core.StandardService - Starting service [Tomcat]
2023-10-25 22:15:40.100 [main] INFO  org.apache.catalina.core.StandardEngine - Starting Servlet engine: [Apache Tomcat/9.0.46]
2023-10-25 22:15:40.262 [main] INFO  o.a.c.core.ContainerBase.[Tomcat].[localhost].[/] - Initializing Spring embedded WebApplicationContext
2023-10-25 22:15:40.262 [main] INFO  o.s.b.w.s.c.ServletWebServerApplicationContext - Root WebApplicationContext: initialization completed in 1930 ms
2023-10-25 22:15:41.202 [main] INFO  s.d.s.w.PropertySourcedRequestMappingHandlerMapping - Mapped URL path [/v2/api-docs] onto method [springfox.documentation.swagger2.web.Swagger2Controller#getDocumentation(String, HttpServletRequest)]
2023-10-25 22:15:41.238 [main] INFO  com.netflix.config.sources.URLConfigurationSource - To enable URLs as dynamic configuration sources, define System property archaius.configurationSource.additionalUrls or make config.properties available on classpath.
2023-10-25 22:15:41.246 [main] INFO  com.netflix.config.sources.URLConfigurationSource - To enable URLs as dynamic configuration sources, define System property archaius.configurationSource.additionalUrls or make config.properties available on classpath.
2023-10-25 22:15:41.442 [main] INFO  o.s.scheduling.concurrent.ThreadPoolTaskExecutor - Initializing ExecutorService 'applicationTaskExecutor'
2023-10-25 22:15:41.854 [main] INFO  com.zaxxer.hikari.HikariDataSource - HikariPool-1 - Starting...
2023-10-25 22:15:42.870 [main] INFO  com.zaxxer.hikari.HikariDataSource - HikariPool-1 - Start completed.
2023-10-25 22:15:43.873 [main] INFO  o.s.scheduling.concurrent.ThreadPoolTaskScheduler - Initializing ExecutorService
2023-10-25 22:15:45.364 [main] INFO  org.apache.coyote.http11.Http11NioProtocol - Starting ProtocolHandler ["http-nio-8001"]
2023-10-25 22:15:45.407 [main] INFO  o.s.boot.web.embedded.tomcat.TomcatWebServer - Tomcat started on port(s): 8001 (http) with context path ''
2023-10-25 22:15:45.517 [main] INFO  o.s.c.alibaba.nacos.registry.NacosServiceRegistry - nacos registry, mufengxz-service-edu 192.168.197.1:8001 register finished
2023-10-25 22:15:46.144 [main] INFO  s.d.s.web.plugins.DocumentationPluginsBootstrapper - Context refreshed
2023-10-25 22:15:46.177 [main] INFO  s.d.s.web.plugins.DocumentationPluginsBootstrapper - Found 1 custom documentation plugin(s)
2023-10-25 22:15:46.234 [main] INFO  s.d.spring.web.scanners.ApiListingReferenceScanner - Scanning for api listing references
2023-10-25 22:15:46.269 [main] INFO  com.mufengxz.oriservice.OriServiceApplication - Started OriServiceApplication in 10.055 seconds (JVM running for 11.326)
2023-10-25 22:15:51.178 [SpringContextShutdownHook] INFO  o.s.c.alibaba.nacos.registry.NacosServiceRegistry - De-registering from Nacos Server now...
2023-10-25 22:15:51.186 [SpringContextShutdownHook] INFO  o.s.c.alibaba.nacos.registry.NacosServiceRegistry - De-registration finished.
2023-10-25 22:15:51.189 [SpringContextShutdownHook] INFO  o.s.scheduling.concurrent.ThreadPoolTaskExecutor - Shutting down ExecutorService 'applicationTaskExecutor'
2023-10-25 22:15:51.221 [SpringContextShutdownHook] INFO  com.zaxxer.hikari.HikariDataSource - HikariPool-1 - Shutdown initiated...
2023-10-25 22:15:51.234 [SpringContextShutdownHook] INFO  com.zaxxer.hikari.HikariDataSource - HikariPool-1 - Shutdown completed.
2023-10-25 22:15:56.968 [main] INFO  com.mufengxz.oriservice.OriServiceApplication - The following profiles are active: dev
2023-10-25 22:15:58.215 [main] INFO  o.s.d.r.config.RepositoryConfigurationDelegate - Multiple Spring Data modules found, entering strict repository configuration mode!
2023-10-25 22:15:58.219 [main] INFO  o.s.d.r.config.RepositoryConfigurationDelegate - Bootstrapping Spring Data Redis repositories in DEFAULT mode.
2023-10-25 22:15:58.249 [main] INFO  o.s.d.r.config.RepositoryConfigurationDelegate - Finished Spring Data repository scanning in 8ms. Found 0 Redis repository interfaces.
2023-10-25 22:15:58.635 [main] INFO  o.springframework.cloud.context.scope.GenericScope - BeanFactory id=ba266104-479c-3376-98bb-3c5094b3547a
2023-10-25 22:15:58.831 [main] INFO  o.s.c.s.PostProcessorRegistrationDelegate$BeanPostProcessorChecker - Bean 'redisConfig' of type [com.mufengxz.servicebase.RedisConfig$$EnhancerBySpringCGLIB$$879877c] is not eligible for getting processed by all BeanPostProcessors (for example: not eligible for auto-proxying)
2023-10-25 22:15:58.888 [main] INFO  o.s.c.s.PostProcessorRegistrationDelegate$BeanPostProcessorChecker - Bean 'org.springframework.cloud.autoconfigure.ConfigurationPropertiesRebinderAutoConfiguration' of type [org.springframework.cloud.autoconfigure.ConfigurationPropertiesRebinderAutoConfiguration] is not eligible for getting processed by all BeanPostProcessors (for example: not eligible for auto-proxying)
2023-10-25 22:15:59.253 [main] INFO  o.s.boot.web.embedded.tomcat.TomcatWebServer - Tomcat initialized with port(s): 8001 (http)
2023-10-25 22:15:59.271 [main] INFO  org.apache.coyote.http11.Http11NioProtocol - Initializing ProtocolHandler ["http-nio-8001"]
2023-10-25 22:15:59.272 [main] INFO  org.apache.catalina.core.StandardService - Starting service [Tomcat]
2023-10-25 22:15:59.273 [main] INFO  org.apache.catalina.core.StandardEngine - Starting Servlet engine: [Apache Tomcat/9.0.46]
2023-10-25 22:15:59.487 [main] INFO  o.a.c.core.ContainerBase.[Tomcat].[localhost].[/] - Initializing Spring embedded WebApplicationContext
2023-10-25 22:15:59.488 [main] INFO  o.s.b.w.s.c.ServletWebServerApplicationContext - Root WebApplicationContext: initialization completed in 2488 ms
2023-10-25 22:16:00.646 [main] INFO  s.d.s.w.PropertySourcedRequestMappingHandlerMapping - Mapped URL path [/v2/api-docs] onto method [springfox.documentation.swagger2.web.Swagger2Controller#getDocumentation(String, HttpServletRequest)]
2023-10-25 22:16:00.698 [main] INFO  com.netflix.config.sources.URLConfigurationSource - To enable URLs as dynamic configuration sources, define System property archaius.configurationSource.additionalUrls or make config.properties available on classpath.
2023-10-25 22:16:00.705 [main] INFO  com.netflix.config.sources.URLConfigurationSource - To enable URLs as dynamic configuration sources, define System property archaius.configurationSource.additionalUrls or make config.properties available on classpath.
2023-10-25 22:16:00.914 [main] INFO  o.s.scheduling.concurrent.ThreadPoolTaskExecutor - Initializing ExecutorService 'applicationTaskExecutor'
2023-10-25 22:16:01.356 [main] INFO  com.zaxxer.hikari.HikariDataSource - HikariPool-1 - Starting...
2023-10-25 22:16:02.395 [main] INFO  com.zaxxer.hikari.HikariDataSource - HikariPool-1 - Start completed.
2023-10-25 22:16:03.401 [main] INFO  o.s.scheduling.concurrent.ThreadPoolTaskScheduler - Initializing ExecutorService
2023-10-25 22:16:04.913 [main] INFO  org.apache.coyote.http11.Http11NioProtocol - Starting ProtocolHandler ["http-nio-8001"]
2023-10-25 22:16:04.958 [main] INFO  o.s.boot.web.embedded.tomcat.TomcatWebServer - Tomcat started on port(s): 8001 (http) with context path ''
2023-10-25 22:16:05.057 [main] INFO  o.s.c.alibaba.nacos.registry.NacosServiceRegistry - nacos registry, mufengxz-service-edu 192.168.197.1:8001 register finished
2023-10-25 22:16:05.695 [main] INFO  s.d.s.web.plugins.DocumentationPluginsBootstrapper - Context refreshed
2023-10-25 22:16:05.726 [main] INFO  s.d.s.web.plugins.DocumentationPluginsBootstrapper - Found 1 custom documentation plugin(s)
2023-10-25 22:16:05.788 [main] INFO  s.d.spring.web.scanners.ApiListingReferenceScanner - Scanning for api listing references
2023-10-25 22:16:05.841 [main] INFO  com.mufengxz.oriservice.OriServiceApplication - Started OriServiceApplication in 11.339 seconds (JVM running for 12.661)
2023-10-25 22:16:30.080 [SpringContextShutdownHook] INFO  o.s.c.alibaba.nacos.registry.NacosServiceRegistry - De-registering from Nacos Server now...
2023-10-25 22:16:30.085 [SpringContextShutdownHook] INFO  o.s.c.alibaba.nacos.registry.NacosServiceRegistry - De-registration finished.
2023-10-25 22:16:30.088 [SpringContextShutdownHook] INFO  o.s.scheduling.concurrent.ThreadPoolTaskExecutor - Shutting down ExecutorService 'applicationTaskExecutor'
2023-10-25 22:16:30.118 [SpringContextShutdownHook] INFO  com.zaxxer.hikari.HikariDataSource - HikariPool-1 - Shutdown initiated...
2023-10-25 22:16:30.133 [SpringContextShutdownHook] INFO  com.zaxxer.hikari.HikariDataSource - HikariPool-1 - Shutdown completed.
2023-10-25 22:16:35.507 [main] INFO  com.mufengxz.oriservice.OriServiceApplication - The following profiles are active: dev
2023-10-25 22:16:36.457 [main] INFO  o.s.d.r.config.RepositoryConfigurationDelegate - Multiple Spring Data modules found, entering strict repository configuration mode!
2023-10-25 22:16:36.460 [main] INFO  o.s.d.r.config.RepositoryConfigurationDelegate - Bootstrapping Spring Data Redis repositories in DEFAULT mode.
2023-10-25 22:16:36.484 [main] INFO  o.s.d.r.config.RepositoryConfigurationDelegate - Finished Spring Data repository scanning in 7ms. Found 0 Redis repository interfaces.
2023-10-25 22:16:36.783 [main] INFO  o.springframework.cloud.context.scope.GenericScope - BeanFactory id=ba266104-479c-3376-98bb-3c5094b3547a
2023-10-25 22:16:36.927 [main] INFO  o.s.c.s.PostProcessorRegistrationDelegate$BeanPostProcessorChecker - Bean 'redisConfig' of type [com.mufengxz.servicebase.RedisConfig$$EnhancerBySpringCGLIB$$bb464e8d] is not eligible for getting processed by all BeanPostProcessors (for example: not eligible for auto-proxying)
2023-10-25 22:16:36.979 [main] INFO  o.s.c.s.PostProcessorRegistrationDelegate$BeanPostProcessorChecker - Bean 'org.springframework.cloud.autoconfigure.ConfigurationPropertiesRebinderAutoConfiguration' of type [org.springframework.cloud.autoconfigure.ConfigurationPropertiesRebinderAutoConfiguration] is not eligible for getting processed by all BeanPostProcessors (for example: not eligible for auto-proxying)
2023-10-25 22:16:37.273 [main] INFO  o.s.boot.web.embedded.tomcat.TomcatWebServer - Tomcat initialized with port(s): 8001 (http)
2023-10-25 22:16:37.286 [main] INFO  org.apache.coyote.http11.Http11NioProtocol - Initializing ProtocolHandler ["http-nio-8001"]
2023-10-25 22:16:37.287 [main] INFO  org.apache.catalina.core.StandardService - Starting service [Tomcat]
2023-10-25 22:16:37.287 [main] INFO  org.apache.catalina.core.StandardEngine - Starting Servlet engine: [Apache Tomcat/9.0.46]
2023-10-25 22:16:37.452 [main] INFO  o.a.c.core.ContainerBase.[Tomcat].[localhost].[/] - Initializing Spring embedded WebApplicationContext
2023-10-25 22:16:37.452 [main] INFO  o.s.b.w.s.c.ServletWebServerApplicationContext - Root WebApplicationContext: initialization completed in 1921 ms
2023-10-25 22:16:38.361 [main] INFO  s.d.s.w.PropertySourcedRequestMappingHandlerMapping - Mapped URL path [/v2/api-docs] onto method [springfox.documentation.swagger2.web.Swagger2Controller#getDocumentation(String, HttpServletRequest)]
2023-10-25 22:16:38.392 [main] INFO  com.netflix.config.sources.URLConfigurationSource - To enable URLs as dynamic configuration sources, define System property archaius.configurationSource.additionalUrls or make config.properties available on classpath.
2023-10-25 22:16:38.397 [main] INFO  com.netflix.config.sources.URLConfigurationSource - To enable URLs as dynamic configuration sources, define System property archaius.configurationSource.additionalUrls or make config.properties available on classpath.
2023-10-25 22:16:38.530 [main] INFO  o.s.scheduling.concurrent.ThreadPoolTaskExecutor - Initializing ExecutorService 'applicationTaskExecutor'
2023-10-25 22:16:38.860 [main] INFO  com.zaxxer.hikari.HikariDataSource - HikariPool-1 - Starting...
2023-10-25 22:16:39.665 [main] INFO  com.zaxxer.hikari.HikariDataSource - HikariPool-1 - Start completed.
2023-10-25 22:16:40.478 [main] INFO  o.s.scheduling.concurrent.ThreadPoolTaskScheduler - Initializing ExecutorService
2023-10-25 22:16:41.638 [main] INFO  org.apache.coyote.http11.Http11NioProtocol - Starting ProtocolHandler ["http-nio-8001"]
2023-10-25 22:16:41.672 [main] INFO  o.s.boot.web.embedded.tomcat.TomcatWebServer - Tomcat started on port(s): 8001 (http) with context path ''
2023-10-25 22:16:41.751 [main] INFO  o.s.c.alibaba.nacos.registry.NacosServiceRegistry - nacos registry, mufengxz-service-edu 172.19.4.34:8001 register finished
2023-10-25 22:16:42.258 [main] INFO  s.d.s.web.plugins.DocumentationPluginsBootstrapper - Context refreshed
2023-10-25 22:16:42.282 [main] INFO  s.d.s.web.plugins.DocumentationPluginsBootstrapper - Found 1 custom documentation plugin(s)
2023-10-25 22:16:42.327 [main] INFO  s.d.spring.web.scanners.ApiListingReferenceScanner - Scanning for api listing references
2023-10-25 22:16:42.354 [main] INFO  com.mufengxz.oriservice.OriServiceApplication - Started OriServiceApplication in 8.935 seconds (JVM running for 10.23)
2023-10-25 22:23:40.564 [http-nio-8001-exec-1] INFO  o.a.c.core.ContainerBase.[Tomcat].[localhost].[/] - Initializing Spring DispatcherServlet 'dispatcherServlet'
2023-10-25 22:23:40.564 [http-nio-8001-exec-1] INFO  org.springframework.web.servlet.DispatcherServlet - Initializing Servlet 'dispatcherServlet'
2023-10-25 22:23:40.575 [http-nio-8001-exec-1] INFO  org.springframework.web.servlet.DispatcherServlet - Completed initialization in 10 ms
2023-10-25 22:43:36.384 [SpringContextShutdownHook] INFO  o.s.c.alibaba.nacos.registry.NacosServiceRegistry - De-registering from Nacos Server now...
2023-10-25 22:43:36.392 [SpringContextShutdownHook] INFO  o.s.c.alibaba.nacos.registry.NacosServiceRegistry - De-registration finished.
2023-10-25 22:43:36.399 [SpringContextShutdownHook] INFO  o.s.scheduling.concurrent.ThreadPoolTaskExecutor - Shutting down ExecutorService 'applicationTaskExecutor'
2023-10-25 22:43:36.440 [SpringContextShutdownHook] INFO  com.zaxxer.hikari.HikariDataSource - HikariPool-1 - Shutdown initiated...
2023-10-25 22:43:36.466 [SpringContextShutdownHook] INFO  com.zaxxer.hikari.HikariDataSource - HikariPool-1 - Shutdown completed.
2023-10-25 22:43:41.361 [main] INFO  com.mufengxz.oriservice.OriServiceApplication - The following profiles are active: dev
2023-10-25 22:43:42.363 [main] INFO  o.s.d.r.config.RepositoryConfigurationDelegate - Multiple Spring Data modules found, entering strict repository configuration mode!
2023-10-25 22:43:42.366 [main] INFO  o.s.d.r.config.RepositoryConfigurationDelegate - Bootstrapping Spring Data Redis repositories in DEFAULT mode.
2023-10-25 22:43:42.391 [main] INFO  o.s.d.r.config.RepositoryConfigurationDelegate - Finished Spring Data repository scanning in 7ms. Found 0 Redis repository interfaces.
2023-10-25 22:43:42.682 [main] INFO  o.springframework.cloud.context.scope.GenericScope - BeanFactory id=ba266104-479c-3376-98bb-3c5094b3547a
2023-10-25 22:43:42.827 [main] INFO  o.s.c.s.PostProcessorRegistrationDelegate$BeanPostProcessorChecker - Bean 'redisConfig' of type [com.mufengxz.servicebase.RedisConfig$$EnhancerBySpringCGLIB$$879877c] is not eligible for getting processed by all BeanPostProcessors (for example: not eligible for auto-proxying)
2023-10-25 22:43:42.893 [main] INFO  o.s.c.s.PostProcessorRegistrationDelegate$BeanPostProcessorChecker - Bean 'org.springframework.cloud.autoconfigure.ConfigurationPropertiesRebinderAutoConfiguration' of type [org.springframework.cloud.autoconfigure.ConfigurationPropertiesRebinderAutoConfiguration] is not eligible for getting processed by all BeanPostProcessors (for example: not eligible for auto-proxying)
2023-10-25 22:43:43.286 [main] INFO  o.s.boot.web.embedded.tomcat.TomcatWebServer - Tomcat initialized with port(s): 8001 (http)
2023-10-25 22:43:43.302 [main] INFO  org.apache.coyote.http11.Http11NioProtocol - Initializing ProtocolHandler ["http-nio-8001"]
2023-10-25 22:43:43.303 [main] INFO  org.apache.catalina.core.StandardService - Starting service [Tomcat]
2023-10-25 22:43:43.304 [main] INFO  org.apache.catalina.core.StandardEngine - Starting Servlet engine: [Apache Tomcat/9.0.46]
2023-10-25 22:43:43.524 [main] INFO  o.a.c.core.ContainerBase.[Tomcat].[localhost].[/] - Initializing Spring embedded WebApplicationContext
2023-10-25 22:43:43.525 [main] INFO  o.s.b.w.s.c.ServletWebServerApplicationContext - Root WebApplicationContext: initialization completed in 2132 ms
2023-10-25 22:43:44.644 [main] INFO  s.d.s.w.PropertySourcedRequestMappingHandlerMapping - Mapped URL path [/v2/api-docs] onto method [springfox.documentation.swagger2.web.Swagger2Controller#getDocumentation(String, HttpServletRequest)]
2023-10-25 22:43:44.681 [main] INFO  com.netflix.config.sources.URLConfigurationSource - To enable URLs as dynamic configuration sources, define System property archaius.configurationSource.additionalUrls or make config.properties available on classpath.
2023-10-25 22:43:44.688 [main] INFO  com.netflix.config.sources.URLConfigurationSource - To enable URLs as dynamic configuration sources, define System property archaius.configurationSource.additionalUrls or make config.properties available on classpath.
2023-10-25 22:43:44.857 [main] INFO  o.s.scheduling.concurrent.ThreadPoolTaskExecutor - Initializing ExecutorService 'applicationTaskExecutor'
2023-10-25 22:43:45.292 [main] INFO  com.zaxxer.hikari.HikariDataSource - HikariPool-1 - Starting...
2023-10-25 22:43:46.340 [main] INFO  com.zaxxer.hikari.HikariDataSource - HikariPool-1 - Start completed.
2023-10-25 22:43:47.333 [main] INFO  o.s.scheduling.concurrent.ThreadPoolTaskScheduler - Initializing ExecutorService
2023-10-25 22:43:48.815 [main] INFO  org.apache.coyote.http11.Http11NioProtocol - Starting ProtocolHandler ["http-nio-8001"]
2023-10-25 22:43:48.858 [main] INFO  o.s.boot.web.embedded.tomcat.TomcatWebServer - Tomcat started on port(s): 8001 (http) with context path ''
2023-10-25 22:43:48.961 [main] INFO  o.s.c.alibaba.nacos.registry.NacosServiceRegistry - nacos registry, mufengxz-service-ori 172.19.4.34:8001 register finished
2023-10-25 22:43:49.593 [main] INFO  s.d.s.web.plugins.DocumentationPluginsBootstrapper - Context refreshed
2023-10-25 22:43:49.624 [main] INFO  s.d.s.web.plugins.DocumentationPluginsBootstrapper - Found 1 custom documentation plugin(s)
2023-10-25 22:43:49.687 [main] INFO  s.d.spring.web.scanners.ApiListingReferenceScanner - Scanning for api listing references
2023-10-25 22:43:49.723 [main] INFO  com.mufengxz.oriservice.OriServiceApplication - Started OriServiceApplication in 10.641 seconds (JVM running for 11.833)
2023-10-25 23:21:30.383 [SpringContextShutdownHook] INFO  o.s.c.alibaba.nacos.registry.NacosServiceRegistry - De-registering from Nacos Server now...
2023-10-25 23:21:30.466 [SpringContextShutdownHook] INFO  o.s.c.alibaba.nacos.registry.NacosServiceRegistry - De-registration finished.
2023-10-25 23:21:30.529 [SpringContextShutdownHook] INFO  o.s.scheduling.concurrent.ThreadPoolTaskExecutor - Shutting down ExecutorService 'applicationTaskExecutor'
2023-10-25 23:21:31.068 [SpringContextShutdownHook] INFO  com.zaxxer.hikari.HikariDataSource - HikariPool-1 - Shutdown initiated...
2023-10-25 23:21:31.276 [SpringContextShutdownHook] INFO  com.zaxxer.hikari.HikariDataSource - HikariPool-1 - Shutdown completed.
2023-10-26 09:38:33.918 [main] INFO  com.mufengxz.oriservice.OriServiceApplication - The following profiles are active: dev
2023-10-26 09:38:35.316 [main] INFO  o.s.d.r.config.RepositoryConfigurationDelegate - Multiple Spring Data modules found, entering strict repository configuration mode!
2023-10-26 09:38:35.320 [main] INFO  o.s.d.r.config.RepositoryConfigurationDelegate - Bootstrapping Spring Data Redis repositories in DEFAULT mode.
2023-10-26 09:38:35.356 [main] INFO  o.s.d.r.config.RepositoryConfigurationDelegate - Finished Spring Data repository scanning in 14ms. Found 0 Redis repository interfaces.
2023-10-26 09:38:35.793 [main] INFO  o.springframework.cloud.context.scope.GenericScope - BeanFactory id=ba266104-479c-3376-98bb-3c5094b3547a
2023-10-26 09:38:35.963 [main] INFO  o.s.c.s.PostProcessorRegistrationDelegate$BeanPostProcessorChecker - Bean 'redisConfig' of type [com.mufengxz.servicebase.RedisConfig$$EnhancerBySpringCGLIB$$436d2388] is not eligible for getting processed by all BeanPostProcessors (for example: not eligible for auto-proxying)
2023-10-26 09:38:36.024 [main] INFO  o.s.c.s.PostProcessorRegistrationDelegate$BeanPostProcessorChecker - Bean 'org.springframework.cloud.autoconfigure.ConfigurationPropertiesRebinderAutoConfiguration' of type [org.springframework.cloud.autoconfigure.ConfigurationPropertiesRebinderAutoConfiguration] is not eligible for getting processed by all BeanPostProcessors (for example: not eligible for auto-proxying)
2023-10-26 09:38:36.422 [main] INFO  o.s.boot.web.embedded.tomcat.TomcatWebServer - Tomcat initialized with port(s): 8001 (http)
2023-10-26 09:38:36.439 [main] INFO  org.apache.coyote.http11.Http11NioProtocol - Initializing ProtocolHandler ["http-nio-8001"]
2023-10-26 09:38:36.440 [main] INFO  org.apache.catalina.core.StandardService - Starting service [Tomcat]
2023-10-26 09:38:36.440 [main] INFO  org.apache.catalina.core.StandardEngine - Starting Servlet engine: [Apache Tomcat/9.0.46]
2023-10-26 09:38:36.680 [main] INFO  o.a.c.core.ContainerBase.[Tomcat].[localhost].[/] - Initializing Spring embedded WebApplicationContext
2023-10-26 09:38:36.681 [main] INFO  o.s.b.w.s.c.ServletWebServerApplicationContext - Root WebApplicationContext: initialization completed in 2702 ms
2023-10-26 09:38:37.855 [main] INFO  s.d.s.w.PropertySourcedRequestMappingHandlerMapping - Mapped URL path [/v2/api-docs] onto method [springfox.documentation.swagger2.web.Swagger2Controller#getDocumentation(String, HttpServletRequest)]
2023-10-26 09:38:37.890 [main] INFO  com.netflix.config.sources.URLConfigurationSource - To enable URLs as dynamic configuration sources, define System property archaius.configurationSource.additionalUrls or make config.properties available on classpath.
2023-10-26 09:38:37.897 [main] INFO  com.netflix.config.sources.URLConfigurationSource - To enable URLs as dynamic configuration sources, define System property archaius.configurationSource.additionalUrls or make config.properties available on classpath.
2023-10-26 09:38:38.064 [main] INFO  o.s.scheduling.concurrent.ThreadPoolTaskExecutor - Initializing ExecutorService 'applicationTaskExecutor'
2023-10-26 09:38:38.510 [main] INFO  com.zaxxer.hikari.HikariDataSource - HikariPool-1 - Starting...
2023-10-26 09:38:39.672 [main] INFO  com.zaxxer.hikari.HikariDataSource - HikariPool-1 - Start completed.
2023-10-26 09:38:40.662 [main] INFO  o.s.scheduling.concurrent.ThreadPoolTaskScheduler - Initializing ExecutorService
2023-10-26 09:38:42.122 [main] INFO  org.apache.coyote.http11.Http11NioProtocol - Starting ProtocolHandler ["http-nio-8001"]
2023-10-26 09:38:42.168 [main] INFO  o.s.boot.web.embedded.tomcat.TomcatWebServer - Tomcat started on port(s): 8001 (http) with context path ''
2023-10-26 09:38:42.267 [main] INFO  o.s.c.alibaba.nacos.registry.NacosServiceRegistry - nacos registry, mufengxz-service-ori 172.19.4.34:8001 register finished
2023-10-26 09:38:42.908 [main] INFO  s.d.s.web.plugins.DocumentationPluginsBootstrapper - Context refreshed
2023-10-26 09:38:42.965 [main] INFO  s.d.s.web.plugins.DocumentationPluginsBootstrapper - Found 1 custom documentation plugin(s)
2023-10-26 09:38:43.021 [main] INFO  s.d.spring.web.scanners.ApiListingReferenceScanner - Scanning for api listing references
2023-10-26 09:38:43.061 [main] INFO  com.mufengxz.oriservice.OriServiceApplication - Started OriServiceApplication in 13.678 seconds (JVM running for 15.104)
2023-10-26 21:33:32.430 [SpringContextShutdownHook] INFO  o.s.c.alibaba.nacos.registry.NacosServiceRegistry - De-registering from Nacos Server now...
2023-10-26 21:33:32.442 [SpringContextShutdownHook] INFO  o.s.c.alibaba.nacos.registry.NacosServiceRegistry - De-registration finished.
2023-10-26 21:33:32.448 [SpringContextShutdownHook] INFO  o.s.scheduling.concurrent.ThreadPoolTaskExecutor - Shutting down ExecutorService 'applicationTaskExecutor'
2023-10-26 21:33:32.497 [SpringContextShutdownHook] INFO  com.zaxxer.hikari.HikariDataSource - HikariPool-1 - Shutdown initiated...
2023-10-26 21:33:32.507 [SpringContextShutdownHook] INFO  com.zaxxer.hikari.HikariDataSource - HikariPool-1 - Shutdown completed.
2023-10-30 20:22:15.274 [main] INFO  com.mufengxz.oriservice.OriServiceApplication - The following profiles are active: dev
2023-10-30 20:22:16.580 [main] INFO  o.s.d.r.config.RepositoryConfigurationDelegate - Multiple Spring Data modules found, entering strict repository configuration mode!
2023-10-30 20:22:16.584 [main] INFO  o.s.d.r.config.RepositoryConfigurationDelegate - Bootstrapping Spring Data Redis repositories in DEFAULT mode.
2023-10-30 20:22:16.617 [main] INFO  o.s.d.r.config.RepositoryConfigurationDelegate - Finished Spring Data repository scanning in 9ms. Found 0 Redis repository interfaces.
2023-10-30 20:22:17.003 [main] INFO  o.springframework.cloud.context.scope.GenericScope - BeanFactory id=ba266104-479c-3376-98bb-3c5094b3547a
2023-10-30 20:22:17.206 [main] INFO  o.s.c.s.PostProcessorRegistrationDelegate$BeanPostProcessorChecker - Bean 'redisConfig' of type [com.mufengxz.servicebase.RedisConfig$$EnhancerBySpringCGLIB$$631e5e3c] is not eligible for getting processed by all BeanPostProcessors (for example: not eligible for auto-proxying)
2023-10-30 20:22:17.262 [main] INFO  o.s.c.s.PostProcessorRegistrationDelegate$BeanPostProcessorChecker - Bean 'org.springframework.cloud.autoconfigure.ConfigurationPropertiesRebinderAutoConfiguration' of type [org.springframework.cloud.autoconfigure.ConfigurationPropertiesRebinderAutoConfiguration] is not eligible for getting processed by all BeanPostProcessors (for example: not eligible for auto-proxying)
2023-10-30 20:22:17.652 [main] INFO  o.s.boot.web.embedded.tomcat.TomcatWebServer - Tomcat initialized with port(s): 8001 (http)
2023-10-30 20:22:17.670 [main] INFO  org.apache.coyote.http11.Http11NioProtocol - Initializing ProtocolHandler ["http-nio-8001"]
2023-10-30 20:22:17.671 [main] INFO  org.apache.catalina.core.StandardService - Starting service [Tomcat]
2023-10-30 20:22:17.672 [main] INFO  org.apache.catalina.core.StandardEngine - Starting Servlet engine: [Apache Tomcat/9.0.46]
2023-10-30 20:22:17.900 [main] INFO  o.a.c.core.ContainerBase.[Tomcat].[localhost].[/] - Initializing Spring embedded WebApplicationContext
2023-10-30 20:22:17.900 [main] INFO  o.s.b.w.s.c.ServletWebServerApplicationContext - Root WebApplicationContext: initialization completed in 2578 ms
2023-10-30 20:22:18.985 [main] INFO  s.d.s.w.PropertySourcedRequestMappingHandlerMapping - Mapped URL path [/v2/api-docs] onto method [springfox.documentation.swagger2.web.Swagger2Controller#getDocumentation(String, HttpServletRequest)]
2023-10-30 20:22:19.022 [main] INFO  com.netflix.config.sources.URLConfigurationSource - To enable URLs as dynamic configuration sources, define System property archaius.configurationSource.additionalUrls or make config.properties available on classpath.
2023-10-30 20:22:19.028 [main] INFO  com.netflix.config.sources.URLConfigurationSource - To enable URLs as dynamic configuration sources, define System property archaius.configurationSource.additionalUrls or make config.properties available on classpath.
2023-10-30 20:22:19.211 [main] INFO  o.s.scheduling.concurrent.ThreadPoolTaskExecutor - Initializing ExecutorService 'applicationTaskExecutor'
2023-10-30 20:22:19.672 [main] INFO  com.zaxxer.hikari.HikariDataSource - HikariPool-1 - Starting...
2023-10-30 20:22:20.662 [main] INFO  com.zaxxer.hikari.HikariDataSource - HikariPool-1 - Start completed.
2023-10-30 20:22:21.505 [main] INFO  o.s.scheduling.concurrent.ThreadPoolTaskScheduler - Initializing ExecutorService
2023-10-30 20:22:22.752 [main] INFO  org.apache.coyote.http11.Http11NioProtocol - Starting ProtocolHandler ["http-nio-8001"]
2023-10-30 20:22:22.791 [main] INFO  o.s.boot.web.embedded.tomcat.TomcatWebServer - Tomcat started on port(s): 8001 (http) with context path ''
2023-10-30 20:22:22.873 [main] INFO  o.s.c.alibaba.nacos.registry.NacosServiceRegistry - nacos registry, mufengxz-service-ori 172.19.4.34:8001 register finished
2023-10-30 20:22:23.374 [main] INFO  s.d.s.web.plugins.DocumentationPluginsBootstrapper - Context refreshed
2023-10-30 20:22:23.468 [main] INFO  s.d.s.web.plugins.DocumentationPluginsBootstrapper - Found 1 custom documentation plugin(s)
2023-10-30 20:22:23.535 [main] INFO  s.d.spring.web.scanners.ApiListingReferenceScanner - Scanning for api listing references
2023-10-30 20:22:23.568 [main] INFO  com.mufengxz.oriservice.OriServiceApplication - Started OriServiceApplication in 12.757 seconds (JVM running for 14.017)
2023-10-30 23:39:28.922 [SpringContextShutdownHook] INFO  o.s.c.alibaba.nacos.registry.NacosServiceRegistry - De-registering from Nacos Server now...
2023-10-30 23:39:28.939 [SpringContextShutdownHook] INFO  o.s.c.alibaba.nacos.registry.NacosServiceRegistry - De-registration finished.
2023-10-30 23:39:28.945 [SpringContextShutdownHook] INFO  o.s.scheduling.concurrent.ThreadPoolTaskExecutor - Shutting down ExecutorService 'applicationTaskExecutor'
2023-10-30 23:39:28.994 [SpringContextShutdownHook] INFO  com.zaxxer.hikari.HikariDataSource - HikariPool-1 - Shutdown initiated...
2023-10-30 23:39:29.007 [SpringContextShutdownHook] INFO  com.zaxxer.hikari.HikariDataSource - HikariPool-1 - Shutdown completed.
2023-10-31 12:54:09.483 [main] INFO  com.mufengxz.oriservice.OriServiceApplication - The following profiles are active: dev
2023-10-31 12:54:10.878 [main] INFO  o.s.d.r.config.RepositoryConfigurationDelegate - Multiple Spring Data modules found, entering strict repository configuration mode!
2023-10-31 12:54:10.883 [main] INFO  o.s.d.r.config.RepositoryConfigurationDelegate - Bootstrapping Spring Data Redis repositories in DEFAULT mode.
2023-10-31 12:54:10.915 [main] INFO  o.s.d.r.config.RepositoryConfigurationDelegate - Finished Spring Data repository scanning in 9ms. Found 0 Redis repository interfaces.
2023-10-31 12:54:11.319 [main] INFO  o.springframework.cloud.context.scope.GenericScope - BeanFactory id=ba266104-479c-3376-98bb-3c5094b3547a
2023-10-31 12:54:11.573 [main] INFO  o.s.c.s.PostProcessorRegistrationDelegate$BeanPostProcessorChecker - Bean 'redisConfig' of type [com.mufengxz.servicebase.RedisConfig$$EnhancerBySpringCGLIB$$731b9f3a] is not eligible for getting processed by all BeanPostProcessors (for example: not eligible for auto-proxying)
2023-10-31 12:54:11.633 [main] INFO  o.s.c.s.PostProcessorRegistrationDelegate$BeanPostProcessorChecker - Bean 'org.springframework.cloud.autoconfigure.ConfigurationPropertiesRebinderAutoConfiguration' of type [org.springframework.cloud.autoconfigure.ConfigurationPropertiesRebinderAutoConfiguration] is not eligible for getting processed by all BeanPostProcessors (for example: not eligible for auto-proxying)
2023-10-31 12:54:11.964 [main] INFO  o.s.boot.web.embedded.tomcat.TomcatWebServer - Tomcat initialized with port(s): 8001 (http)
2023-10-31 12:54:11.978 [main] INFO  org.apache.coyote.http11.Http11NioProtocol - Initializing ProtocolHandler ["http-nio-8001"]
2023-10-31 12:54:11.979 [main] INFO  org.apache.catalina.core.StandardService - Starting service [Tomcat]
2023-10-31 12:54:11.980 [main] INFO  org.apache.catalina.core.StandardEngine - Starting Servlet engine: [Apache Tomcat/9.0.46]
2023-10-31 12:54:12.179 [main] INFO  o.a.c.core.ContainerBase.[Tomcat].[localhost].[/] - Initializing Spring embedded WebApplicationContext
2023-10-31 12:54:12.180 [main] INFO  o.s.b.w.s.c.ServletWebServerApplicationContext - Root WebApplicationContext: initialization completed in 2643 ms
2023-10-31 12:54:13.159 [main] INFO  s.d.s.w.PropertySourcedRequestMappingHandlerMapping - Mapped URL path [/v2/api-docs] onto method [springfox.documentation.swagger2.web.Swagger2Controller#getDocumentation(String, HttpServletRequest)]
2023-10-31 12:54:13.195 [main] INFO  com.netflix.config.sources.URLConfigurationSource - To enable URLs as dynamic configuration sources, define System property archaius.configurationSource.additionalUrls or make config.properties available on classpath.
2023-10-31 12:54:13.202 [main] INFO  com.netflix.config.sources.URLConfigurationSource - To enable URLs as dynamic configuration sources, define System property archaius.configurationSource.additionalUrls or make config.properties available on classpath.
2023-10-31 12:54:13.373 [main] INFO  o.s.scheduling.concurrent.ThreadPoolTaskExecutor - Initializing ExecutorService 'applicationTaskExecutor'
2023-10-31 12:54:13.841 [main] INFO  com.zaxxer.hikari.HikariDataSource - HikariPool-1 - Starting...
2023-10-31 12:54:14.946 [main] INFO  com.zaxxer.hikari.HikariDataSource - HikariPool-1 - Start completed.
2023-10-31 12:54:15.917 [main] INFO  o.s.scheduling.concurrent.ThreadPoolTaskScheduler - Initializing ExecutorService
2023-10-31 12:54:17.403 [main] INFO  org.apache.coyote.http11.Http11NioProtocol - Starting ProtocolHandler ["http-nio-8001"]
2023-10-31 12:54:17.449 [main] INFO  o.s.boot.web.embedded.tomcat.TomcatWebServer - Tomcat started on port(s): 8001 (http) with context path ''
2023-10-31 12:54:17.548 [main] INFO  o.s.c.alibaba.nacos.registry.NacosServiceRegistry - nacos registry, mufengxz-service-ori 172.19.4.34:8001 register finished
2023-10-31 12:54:18.167 [main] INFO  s.d.s.web.plugins.DocumentationPluginsBootstrapper - Context refreshed
2023-10-31 12:54:18.216 [main] INFO  s.d.s.web.plugins.DocumentationPluginsBootstrapper - Found 1 custom documentation plugin(s)
2023-10-31 12:54:18.281 [main] INFO  s.d.spring.web.scanners.ApiListingReferenceScanner - Scanning for api listing references
2023-10-31 12:54:18.318 [main] INFO  com.mufengxz.oriservice.OriServiceApplication - Started OriServiceApplication in 13.254 seconds (JVM running for 14.722)
2023-10-31 21:06:08.859 [SpringContextShutdownHook] INFO  o.s.c.alibaba.nacos.registry.NacosServiceRegistry - De-registering from Nacos Server now...
2023-10-31 21:06:08.866 [SpringContextShutdownHook] INFO  o.s.c.alibaba.nacos.registry.NacosServiceRegistry - De-registration finished.
2023-10-31 21:06:08.871 [SpringContextShutdownHook] INFO  o.s.scheduling.concurrent.ThreadPoolTaskExecutor - Shutting down ExecutorService 'applicationTaskExecutor'
2023-10-31 21:06:08.937 [SpringContextShutdownHook] INFO  com.zaxxer.hikari.HikariDataSource - HikariPool-1 - Shutdown initiated...
2023-10-31 21:06:08.945 [SpringContextShutdownHook] INFO  com.zaxxer.hikari.HikariDataSource - HikariPool-1 - Shutdown completed.
